122344456678889
1112223334445667788999
1112233444559
34688999
113445666999
122249
113334455666778
123345567788899
1222333555778
1113334777999
111223345556688999
1112223466677788999
45779
112233445566679
2233344557799
236667789
11222333578899
122233347899
111222334455678889
23446688999
123344455788
122234556777
22233344578
1224445666899
22233344999
12336677788899
11222466677888
112223334445556667888
12233567999
333445677788899
1112356668899
13334556667889
11222333455567
22335668999
22233344556667778899
23335556889
1334788
12444677999
1112333445567778999
1112244455667889
123444567999
122333445566699
22233444555678889
222344466677788899
1114445556667778889
1133345566677888999
111223455567899
3334456677999
12223455667788999
11333444555666889
23344467779
1112233566777
11222344455666999
112233377999
11123345556667788999
111222344555677888999
1112223335557999
12233344455566889
11145668899
1355899
222333467778
1222333444556679
1344478999
1133344555666777
112223344556999
3334455777999
2223355667788999
222334456777888
1112344668999
1345567779
222356788899
2223356699
1334556669
12223336888999
1333445666778
13444555677789
14466777889
23345556889
1113445666778889
13334556999
12233444555666
122333456667778889
112345558889
233999
12334456779
11144566677789
1124467999
1134456688899
12233455566778
112255566778999
1122233344455689
112224448889
2255666799
1556678899
11223445556677899
11134445556677888999
112233355788999
11225578899
2223344455677799
23445556888999
11133444677799
11122233455567788
13457778899
1234445566889
112256777888
111223456668999
11133344555999
1122256
223335566799
114477999
111234666777999
1123455666777888
1222333667799
11123334455568
11223334556799
11122233344455778889
1222335556889
1233344477788899
111223457778999
223344778
11133444557
123337778
223446778889
11333556688999
1222333455566789
1448889
122266677
11124455566678889
1112223456788999
12224667788999
112333445667799
223334456777
11233355666888999
2224445556778
1123445777
1244455588999
11144466777888
133445677788899
33366799
11122233344666899
1122233366799
222333445677888
2334666999
11355577788
1233345667778999
1112233345579
34445688999
12223334445666
12556667999
2334447778999
222334666999
24555669
1335566777889
1135667788
22244666778899
111223334455788999
11223346669
244466677788899
122367778999
112235588899
1223444566788
112233466999
2223334455589
11122445568
33466788999
112233568999
122444556677788899
2223344566677
111344456799
14566678889
1245566688899
12244456677999
11134468889
1144455567999
1125666778999
122234455788
123345556667788899
11123345677788899
12234455666889
1133344666888
11122233344677
111234578
1223555778889
1123444577889
113334445666788999
1113466689
1112344666778999
111555666777888
12223345556667799
122244457
1333445566677789
11134446778899
11122277888999
22333467779
145666779
23337888999
11223344456678899
13356667889
111223445578899
1445566777999
123336667888
113445778999
144555666888
122233444556888
1112334667778899
3356668999
1123344557778
114445567999
33444666
1112244555666889
112223344456667778889
13444556779
11135667888999
112223666888
1133555889
133468889
1113334455566788999
12333778
111222344467789
111233466778889
112344455566678889
1112233357799
1334488899
2278
111223345568889
11123335568899
1122244456677888999
1124446677888999
12223344666777888
12223456667899
12223335557779
13344455779
1133555667
122344555889
2444566777888
2223335556777889
11222333445556688
11222357778999
11122233445566888999
111444555677899
222455666777899
11333445566899
11234577788999
234566777
11223445556777999
122235666799
11122333455888
1444666
222444668
1122334456667
112223334445556669
23346677789
23334445556667888
112333445667788899
11122244566677899
11123345556667778889
122235799
1112223334457888
34466888999
1124445557788999
1122247889
112224466799
11122344777999
1234578899
22344556667888
22233344568889
12233445558999
1122233345567899
112223577899
112223566889
1122555677788
12223445778889
1112245677799
1112244566778
111222344455699
1133455778889
1112333444556788899
112234455667779
111223344566788899
33455577889
11123355667788999
12223478889
122334667888
1112445666799
1222334488999
13355666777888
2223444566678899
22238889
1124446667889
1233455566679
1122236669
1112345778
1122334446668
11133455566699
1122233455666777888
2334568999
146888999
1123335566777889
122335556889
11345888
1122356688999
1122355778999
122233366779
223356677
123334456899
111226668999
1155688999
111222346678999
111222344557888
11122233367999
222334667888
11223477788
111335556
122233444556667788999
112233577889
13336667789
3344556667788
1222333444567778889
2233344455666777899
23334456688899
111233345558889
1112224445556689
2223445566677888
233466778
11124566
113445566699
122234455679
11124446667789
12244566677788
122234666777888999
112223334556699
2234666788999
3556678
1133366677799
11124567889
1133455677799
111223334445666999
1112223555667
1123345667778999
1112245556667799
222333444555777888999
113355567789
11122345566778899
112256777888
11122456667778899
12223356688899
445556668899
1112334457999
1123344466778889
2334445688899
112344555778
1112223555688899
4677788999
112223556667999
11233446999
112334446999
1223335588999
1134555
112223455777888999
1122233445566699
11134455777889
11222333555667788899
1222447789
344556899
11344677888
11133344456677
11334555666799
11122334446688999
2234455568899
11134445557778999
1222344456667778889
11345556777899
11122444578
1123334566777999
34566677788
34556999
223345556667889
11122245566777889
12223566778899
222334445568999
11333466678999
11135666899
12333444567
1112233344455566678889
12333444666777888999
111334555677799
112223344899
1112233
112223345566777899
1112335667778999
1222333677789
11224555888999
1113344455899
1115556668
23334466788
3334445668999
1223445566777
223444555666888999
11233344458889
1115577788
111222344555778899
11134566888
1234556668
222335556677999
111223444588899
111345556678899
12344466999
1112333455777889
12223444556667788
222344567
1245667778
1223334455666788
1134466777889
11335578889
12223334466677999
222333447888
1222445666788
2334577888
11222357888
12223344466677
22244455666777889
1112233344455666889
11244455566777999
1222344456667
112223344555666778999
2223344889
23344477889
113334666788999
12233556778999
1112344466678899
11222335556668899
11123345566779
11122333458889
2335778999
11123334446667999
333445666888
113445556667999
1112666777888
113666799
234445566777999
111333447888999
1133355667888999
12223334456677788
11122333445577
1112223335557778999
1344556677899
1122233344555889
36788899
2224667
2233366677899
333444555888
1123556778899
115699
1223566689
12223334667788
1113369
11122355777999
111234566677888
11223334455666777
111223334555667799
1112223378999
112233344455566679
111334455566677889
1155999
22234555666777888999
2333555667778889
133355578
112223444556667788899
1122334556677789
222333444555677888
11122234556778
122344688899
122233366778
334468
1112444555789
111222334666789
2234445667799
2223335679
222444555779
1112334445556677788999
1112223456688899
2233355777
13334488899
11134445566677799
3334445566777889
111222333444677789
111333466788999
2223444566788
14446677899
11225556667778889
223344455667788899
1222333555777899
123444677899
11377999
1112334455777888
123567778
122333577899
144455567788
1146667788
122233555666899
23455566777
2233345557779
114446667788899
1112288
224588899
1444666777888
57778
1133355788999
1113445566677888999
111223334556777888
11233445556689
33777899
1135667899
1122336777888
123345888
112233558899
22344455666777
111344556788
112223355669
111333477788899
1122233344477999
1112223556667
111223334445778899
1134445566777889
12233446
167778889
33566688999
1223456777888999
23334455688999
222445566778889
1114457779
112235589
17778
333444666888999
356788899
13344455578889
1123337778889
11122233444566777888
11355566999
1113334567899
1112334456678889
223499
1113334455567888
11223344456667889
1123344455677999
11223355566678899
111223334448
1113345679
1222333566788899
12234555699
11123344666788999
11122444555678899
11125566778889
2223344455666999
24445589
112224446
11234445668
333469
3446667889
1222334566778
11122445556667789
22444566677799
111223555666889
112333444555668999
112233366677888999
22233344566678
1125577788899
2334566689
11122344556777888999
2233344457999
1444666789
11122344455777888999
122335566789
11333455599
223335556677788
22355666779
33444556777888
1122333556667779
245667888
36667888
1112333555666778999
11222333456667789
11122234455566778899
112223334455888
11122233444555888999
1122236667778999
155568999
11144455566688999
22344556
1112233677788899
112333447779
12223456678899
1144455566777899
11222333444567788999
12223478999
2455567888999
111233556677999
112223344667899
11222334445557778
223345558889
1244455666
444667788
1224678
12344557999
345666778889
2467779
112555667999
123346777889
122445777
123555677
1244456778899
122244677
12223566777888999
34445556667899
1233346699
1134445566688899
23445677788899
2245777999
11223444556667778
1112333444567779
1124446668
1112223468999
22233344555666788
1122567889
22455567778899
1112333445799
22335556668999
23345666788899
3335666
3334445567778
111333446667888
1112334466779
11123444556689
1122345666779
222334555
11566677999
1222355666777899
3355688
11444567789
11122233345556688899
1223355667889
11123334445667788
112477789
112224555777999
22333444678889
11123445556778899
2223344456668999
12335677999
122233446677789
1223345566677888
1112445566677799
2334667788999
1255677889
3555666777888
1122334566889
1114455666788
12223344567788
112244667788
1112223344668899
112233355666778899
1223344456
122233456667778
11133355567799
111222446677888999
1233366
112223355566677899
22334446667999
112233344455566789
12223335678
11445
12223335557888999
1112234556
112244888
12333456667889
1112223344567889
1345557
11222344566678
1134456668889
111444555668
111233345556667778999
124445688899
112223334456777889
13389
11122444566677889
112234455677
224489
14455577799
112344558889
112225556677999
11122355599
11222334566677
2223344577789
111346667
11123334445556678999
112445556788899
122234556667778
1122233455566677788999
222345667778
2224445556667999
1122344566699
124456677788899
11135556677788999
1233445667888
222555666777889
1135566677799
13335777999
112225799
133444
11122234445777999
111223335566888999
11233677889
11135557778889
1112255677999
344557778899
11124555699
156667778
122233446778
1122334445566777889
1122333456688
223447799
22234455577
11135556667888
111223666778899
3555777888999
12256678
112233444555666778889
2233445556778889
1113456668999
1133377889
113334445666778999
2224456667899
1124455566689
1122233566677789
11123334568899
112334456777
1333448
1223355566888
3344455589
444556779
1122334688999
1112234445777889
1113344555778889
11122338
11133345556677888999
2235556889
2223356679
1122233455677788999
3455666789
111334557778889
1233445556667999
1112356778
1266677
12233444567899
233444556999
122234559
1112333444788
1122233345566677
134555667778899
223445556688
12223344455666788999
1112344455567888999
11244456667789
11123336678
122344455567789
112244457999
1122234688899
33344556778
234777999
11125588899
2333445566688899
1233444577789
122245777889
12344557778889
113345567799
1145889
111334555666778899
1445566678
112244556
11122234555666789
122456677889
111333444566678899
1122333666777889
22277799
122244577888999
112467889
11223444555777888999
1222344556668999
2333444555677888
111223445566688899
12334455566677788999
11333444555667888
111333458889
333458899
1222333455599
113445556688
13334578999
3334566788899
1123446667999
1144556888
111223344455567999
1122445566677999
11122233444555667999
1112333555666777889
2223456668899
11122244466777889
1122336668
334456667888
11222334566777888
123355566777888
1144456678899
111222344488899
1244467788
13355677888999
223347788899
122345556678899
2666777888999
2223555788899
1355666777888
13334455888
12246667889
1133446678999
11223555777
1122233445667778999
11224445556678
11245788999
1112234555666777889
1222335577999
234445566677788999
123344455699
112334557778899
111356788999
1133344456667778
11122566678999
22233355577788899
111223344455566677788999
2223334467
1123444557899
1224555
11123446778899
222335556667789
11122234445556777888999
111344466777888
1113456778899
12234459
11225556667
11222344455577899
112233466778889
11122234556778
112244556789
113577788999
11122233344455677788899
1112233445577788899
235678899
111222346669
111223337778889
1114445677
113445556688899
1112234455667888
11333555688999
225666777999
3345667788999
1122333666789
23455566677889
122233567788899
13336667999
113346677788899
2233344666889
111222344456778
11222335667778889
1344566788999
2344555666777899
12233666779
11122233444789
22333566677
11122244566788999
1144555666888999
22444567889
22333445567799
1113555
1334466777999
111223346667888
111223334566678999
33556677788999
12223356889
1333444578889
22334445566777
1444577889
12223334445566
112346667899
22335666778889
13344468889
111234455666778
111233466888
1113334577788999
111222556778899
223336668999
11222355788899
1112223366688
1124447788899
1223345668889
12223355589
133444556677789
11133345556789
333446667899
2224455788999
12223466688999
11122244456677899
133356668899
1135556788899
23334445566677
112223577789
22233355578889
122678
124456889
2233445556699
1112333556677899
12223444566677788999
11122233556668899
122233367788999
12223344455779
22234455567788999
556668889
1122233445667
1224456777999
11122445556777888999
112233344457778889
1344555668999
23346668889
111444566689
122347778
11123338
33345566677799
1222344477788
112255567
233345557778
111223344555666777999
11122445556677889
2223334445566678
2224445556669
122245557788899
1244567778999
222445557779
1134445558
11244566777889
2223345666777899
112223335577889
1122334556777888999
11133666788
1114557778
1345666777999
1124555667778899
1123444555777888
11234445566677899
1112223334445556788899
12335689
33344555788
111222344455678
122333466899
12223457889
1123344456667889
1122244456667799
2344455566678899
111244455667888
11335667779
112233356667778999
13344555666779
1112334556677788899
113345888999
223334445667
233345678
12227
112223334445677
112333566677788999
1112233455568899
112223357778
1223444555666799
1455566778
111223335588999
1235566677788
1112333455666788899
11223556667889
112223444555666789
234555666778899
2333444556799
122344555666
111333445667888999
23334466899
1133345557778889
11234566778889
1112223344567778999
11222446678899
1133344566788899
11334555679
111235578
1112333445666
2224455666778999
2233444577788999
