11122334488899
1334445577888999
2444566
111233444678999
222444555
222455688899
1223556667779
33357778999
122368
22347899
1112355677788999
122266677788999
44456777888
134466677
3444555666999
1122234555666788
22334445567778899
12333456688899
1112244666788999
11233566888
2234467788
111334555888
1222333444666778899
111225566678889
1144668
13334555668889
12224445577888
1123344455778999
1133466678
112233444666777888
11223344577888999
11225566788
112223334566688999
2244455566779
11122344466777899
12234445557899
2344466677788999
112223345666777888999
112667778899
1112445679
234447899
11223345567999
11233445566778899
22345679
468899
22233345588
1222344556667899
2237789
1444577899
13334555679
113334478899
11122344666
1112223555666778889
2233344667899
33556667888
1112334445666777999
333555669
11455566677899
113334445566777888999
2333455566677888
111222444888
11123445889
112344455566678889
122457778889
23666888
134556777999
1112223667778889
112224566689
112233344677999
2334445556678889
1333456667888
22233477788999
11122444677888999
1112233444577889
11234578999
1123355666788899
1133466688999
234556667899
133344455568999
11123445556688899
1112233555678889
11124466888
112345556777888999
144555666888
1122244666999
1112233457889
11122333556668889
1223445568899
11123344455777889
111224445777888
22244556678
11122334558
11122455566778999
112577788999
11122455778889
12334446678999
111226679
1223455668899
12225666777
111222336777
11122334556678999
122467789
22333445579
111222334555677
1123334445556678899
11235556788899
113334445566888
2223667789
233455777888999
35557888999
11233455899
1122335567
11222337788999
1123344455666777889
1112223337779
22233345557789
111234478889
114669
114455567889
1112223444566999
222333446677888
222344455667788
223334455666799
11223334445559
11444556667
1122233344456667779
11223555669
222334445556667788999
1112457899
122233366688
1112244555668999
1123349
112225567888999
12223368999
1233344455688
11222334456779
11134556668999
11224446788999
11222346667789
2335566688999
3345669
1112556789
111238889
11233344456667779
11123335588899
13444555677888999
112335556778999
11122266778889
11234455778999
1222333446668999
1112225566779
12444556788999
111233445556778
1122233444556777888999
122344455668
1112223344455666789
23445578999
111333445566688999
1334445556778889
111334456667778
1123366677899
1112234466677788999
125677999
11557778
111223345556888999
11122666778999
122345556677789
112456667
1113455578889
113334455567789
1333567788
122577788899
122244567778
2224778
122233445667788899
222333455889
1112223335557788
222333444678999
1112244555666778
1112234445566778
11123344556689
12234455566888999
22255677
2224446667778
12444555677
1112336788899
1112223334566677899
11223344455666778899
1233345556667999
233344455578899
112235557789
12234555666
1233344567788
244455566899
33344466679
111233777899
114688999
224666778889
111355566788899
1113344588899
11123344555667778899
1133355667788
111233344455
112233344555666777889
123336689
124445778899
123455567
11122333444567899
2224446668899
11122233444557888
2255667778889
14456677999
1222455666777888
113344456667999
11135569
111223444555666777889
122234446668999
11234555666777999
2236677899
12345568999
123334566678
112223445566699
1222333446778999
1112336889
12233345677799
4568
223456888999
2444556778889
22233344456777888999
1113344777999
1122566777888
1344556889
112224445557778999
112223335667778999
11234556777899
123335566777889
33345588899
1122234555889
11144455667778999
66888
1112224445668999
11222555689
111337899
112233344455566788899
2444688899
14566788
1112233366899
1266688
112233355566777888999
1122455668889
11223555666999
144666778899
111222333444555666788899
12224445556667889
12233556789
11124566777888
33444677788899
11122446688899
2233368889
23344466688999
113445577899
1112223344667788
11233556779
1222333445777999
12233345577788999
1223457788999
24445556668889
11122233558889
11123344455578
1333556888999
111223335666888999
111334467788899
133344
34667779
224456779
11122233445899
1222347789
111222344555777
1122234667788
11123334455667899
12223355778999
11122345677888
1112237888999
112233556788
12333556677788
222334567778889
1112233445667788
1223344456677788999
3335566678889
1113344455668999
11123555799
11133447
11122444556667899
3335566888
1222333445556788999
14566799
12224446899
12344567778899
112334445567889
11233555667799
22334555667789
1334445556689
1112245566799
1133455666777888999
1112234445556
111244456677888999
1112223455566677789
11122233344455667788999
1234445557778899
2233366888999
112233445557788899
133345556678899
3445567788
1112255566778899
112233455566777888
12334445577888
145566677888999
1113334457778889
12223334558889
1444566677889
22333446667778999
11122233566699
1122335677788899
244556699
244456667779
12233344555666788999
1113335556777999
112233445579
111222333444688999
11223459
222355667888
1113445678889
1133566777999
11333446667788
22244457788899
34466777888999
22347788899
222469
1112224466777999
222378889
1133445557788899
12233445667889
111223334445566678
24555777999
11122445577
11123556667779
2333445777999
1112223344556777889
111334555666899
11122444556677789
11133355679
113456667999
244799
115568999
2334478899
112244555666788
1112226677799
1122333445666778889
1333445567778889
1225777888999
11123334788
122233445777888
1123356777889
56667889
11122333444666799
1122234447778889
1123345566888999
2233344455667789
111223466778
1113335566777888999
1123445578
122244555678889
11223334557778
11144555668899
3445666777
1334445789
1223335778889
11122333444566888999
112333445556788
123455666777889
1123344888999
2333445566699
11235556667778899
2234555667
1133445556677789
2233455566677999
112223335556777
112234699
12223344477899
122334477888
12344467778999
12224555667888
1123334678
111225678889
223344455578
112223334455566678
2223446667779
23334555669
22234445567888999
1112223344466777889
11122233556899
12455666778999
1444556688899
122244566688999
11122345577888
2224455778889
344555677999
122334445666888999
23334666778899
15677999
111333466778999
12335556667788899
2244456777899
112223455667778899
1112223334445666
11223444567788
335557778899
112333445556699
23334666788
1234446678899
12223334466888
1223456668899
22334567888
111557
111223334566688899
1122233344466678999
24555668899
335566779
3555788999
122333455567788
111223334555
11122256778
111222333556668
1122344455777899
111222333555666789
34456688999
1112334557778899
1223555667778
33467888
224445666779
112234447778999
2233599
1223335566777888999
12223334446888
112223334445567778999
3334445666778
111222334555666777899
1344455566777888
123344
224455566677899
2356668889
1113444555666799
333455666799
333444567778999
2223355588999
11133566688999
34447788999
244777899
1123356677888
11223455577889
112333444555677788899
12233356777888999
112245556777889
1115556777
1112235567789
2223456688
12233356778889
122234445668999
111222336999
223334445566779
1222344666778999
11223345778
223334555678899
335667788899
11122333555666888999
1122233444555
1133344456888
11122334446679
1134577889
122334445666788899
22334446667889
33344456677999
22333477788999
1225556667899
223366677888999
3377888
22566889
233344566777889
1112344458889
11123335677788
12333444688
1223444555777889
1122233344555667889
11122233466788
1122333445566788999
2223334446689
1123334446777888
11233344455566699
22233444567888999
1355677789
12224445688
11123578899
11222334455778999
111344556678999
23334555777
1233466777
123334445778999
112223334678889
11233344467888999
1222333445567788
333445556677888999
111344555666778899
334455666777888
1112334445556667789
1333444566777899
11222335668
1224445899
11124555678
11122233445556777999
1223345577888
1233344455567788
333466677788899
1112233344566678
122445667789
1112223555667778999
2226789
33444567778999
111245566788899
222444556677888999
13344456677788999
111223344455567778999
1113456899
1122344556677799
2223355567778889
133455568999
11346667778
111223334455566677888
1115667889
11334455677788899
22333444667778899
12224555677899
2223445667779
111345666
12223567799
22344455789
33355568889
111222445557999
1122244455566688999
11222334445666779
123345566689
22344577789
12244588899
112224578999
3344455667778999
33344455566678999
1344455688899
11222889
22344557778
11333566999
335556999
3555667779
123455577788
1112255677
112223344556678999
11133456688
1112224455577899
11122333445556677888999
122334455569
11222333444668999
1113336778999
1122345567788
11233447778899
1333457778889
11133466888
112233556689
11122556777888
1122234456669
12223334455788
3344667889
223334455999
112334446688999
1355668899
112234445666888
11222344456689
11244455667789
1122446777888
13346778899
3557788999
125556678899
2224445566677799
111333466688899
4556667799
11222333456667788
1112233445556778
112223356699
23445667999
1222334555699
112223356667999
335556667799
111223344667778889
12233667888
2244556779
133345677789
111225566778
22289
1113334456778
1122244466677888999
112344477788
11222444566899
111345556888
1112344455566999
11334445666999
12223445567
135557889
22344456778889
11333456667788999
111223444555999
123335667788899
1123457789
11344455666778
222333444666788999
1244455568889
112467788899
2223444556788
133345566777899
11223569
11344555678899
11225678899
1222346667888999
1112233455566777889
12237788
134455799
13357889
233346667788899
111233346667799
125577889
122244555778899
1222446
111444555677899
112333566777888999
11222344455566677799
1222344455677888999
11122233345577
1135556779
12334445777888999
2233344455566899
1112233345557999
1226889
1113344666779
234557899
11145677788999
223556777888
122266677789
2333444555666899
1224566678999
1122234445556667888
11122234445778889
334556668889
2224455678
112444556
134466778889
112344555666777888999
122245557788999
1333445677888999
1114455566788
11223456778
111233444678
134445566688899
111233367999
1112234456677999
1112334457788
116667
11233444888
11233556667778899
111222344455577799
112334999
23455667778999
22233344467789
23566678
2233345788
12344478889
233344666788999
111333456667799
1122233344466677799
12344478999
111223444556777999
11134445567778
1113336667888999
1222333445556667889
11445566777999
112344566677788
11145667778999
234445577788899
112223344477789
1112344555777999
111223444556778899
1112345667788
11333445556677888
334446667899
111355667999
12344456799
334455568999
1112233455577888999
111334456678
111222334556778899
11223777888
224668899
12233356777899
1122244555677
223344555666778999
1233447889
133556888
111223344455689
113444777888999
111223455667
1123557889
345666
111233345667788999
1112244778899
1112234466999
12233355577999
1122233344677888
2234555677799
1112223455666779
1233445577899
1113457
222444556777899
1235556667778999
222335599
113334455577788999
11122233455566688999
233346668889
123344566677788899
1112255777888999
111223334445667
11222333557
11233355777
11344455567999
11133556788899
1455567788999
13334566677889
11222455777899
233344459
112244455777999
223444567778889
112234445558899
1223344477788
24455666789
1133445566677788999
112223334455666777999
11134445788899
112557888999
23334569
112233344555677799
1112223334445577889
1222444567789
223356667778999
22334445566788999
12233346668889
1112244456788999
122456667778899
1234446667888
11223334567788999
111222557888999
11335556667888999
11223334555899
111223555666788899
114445588899
112445556668899
33444555666777899
11144455
111333556677999
111222334455566677889
111445556888
122334555777888999
111444555667778999
113355566677789
11122234556679
2333455677889
1113556677799
111444555677788
112344555666888
122333445556777889
112333456667779
122455577
1134778999
12333444666777
2344455777888999
33444555666777
1112444556667889
1122334555666777999
11345557888999
11223444567888999
134455577899
112233445668889
22233366677888999
2223356888
1135577799
223344455666799
1222444567788
13345568899
122334445558889
112223445778
2234466889
11134566677789
111446667888999
1123555688999
2223344667778889
1112224445566788
1122444899
11122333444589
2333666779
222334445556667999
1122355667779
112233446667778999
11223334456668899
111333445578
11334455566677788899
11125556677899
11134455788
1122234466677788
1123344666777888
112445777899
11233555699
112223455567778899
223334447788999
3345556667789
11233445557788999
22345557789
12235566677788
1122234456677889
12223489
2344555666788
1122334555677888
11333445778999
11122233444678899
1244556799
11234445558999
22344555677999
11133444556688999
13334588
244669
11222335666777999
112223445557779
112445556799
111334578889
222334445556899
2233344556678899
33355566677799
333445556667889
12244466677889
3334446688899
22233344456778
2223334777889
11122344556667899
11445557778889
11122334456789
1112467888
112223344455668899
11223334445679
233355567778
111223478
11222444667778
223445668889
1113445567888
225558889
122335679
12234667788899
1235667778
23334455667778
112233366677788
2445567778889
1113555777888
222445556888
112246667789
111445567788999
1122234455566779
1333555677799
1112244455677888999
566777
24666
1112235678999
12335556667899
1112445577
112345788
1112233444555667799
2678889
2233366677888
12236799
12333445777
122245677888999
12578899
11236778
13355777888999
133444578889
12445556678899
2234667778999
124556667888999
12446799
112223334455678889
112233444557788
111334445577899
12224478
11122566688899
12244455666777888
222556667999
1112223334466678999
1112223444666788899
2233344789
1233555888999
222333444667778999
1123334555669
13344556667778
111255567888
12234466679
111223455889
22445566788
23335666899
111223567779
1222335778
22444555666889
1223445556667779
122233456667888
111334447888
1112334478999
12223336668899
1113677888
1123334555689
124555666777999
1112334555666777888
1112235566788899
1445556667778899
112223445556667779
114445666778999
223445556677788
111222334777888
22334457788999
125779
1112345667788899
112233345677788
112234447888
111222333445799
2334555777899
122445567899
1133346677888999
11233456688
2334455566889
23334577788
1112233344666789
3344566777999
1222369
112566677888999
1223355677799
12223444556777
22233345557778889
1112233345668899
166699
22234455577788999
122334477888
223344467
122344466889
1446677788
223344556667999
111333455777999
11144677889
1112557779
113344666789
1123355566788899
1134445567778889
11123344556899
11224588
11233344455689
122245578899
244555668899
112223335556668899
111444677788999
2223445556667899
111233346777888
35556777
111223334445668889
1355667899
112233366777888
11122233444779
11123344455666799
111356667778999
1677789
111222334445556677888999
223334477799
1222344478889
1222344567899
455667799
11135566688999
111334555667779
233445666778889
12333477888
22344467788
2348999
2555666
11123444555667888
