111444888
23444666778899
1445556777888999
22344455566788999
233344555667788999
11233344458
22334445688
34445999
15667889
13346688899
111222556788
11122334447778
12334455566788
111223334555666888999
11222333444555778899
1122344568
11224446667779
2223444667799
112224446677999
1222366678999
23348899
111223345666777889
223445666788
111234446667889
11123444556667779
11233344557899
2223455777889
1123336678999
1233599
1333445566889
1122244566777889
1333444589
112244455677789
22246667888999
1112233355699
111223444567788
224446778889
2224566778
2223445677788899
112226699
11356667778
113334445677899
3334445778
111233345557899
1223455578889
11234446669
1123445557
16668
223344566779
1112233444555666788899
12223556677889
444577999
22233555688999
223555677799
11122555777888999
1222344556669
1222444555667778889
1334455668
22233344477999
2244555666778
12333444556667789
2223456667899
11233445667778999
22456699
12233355568889
1112334667789
11222466677888999
12456667778999
2666899
2233455566778889
123445566688899
2333444555668889
122444555666777889
12335688999
1113444588
22334678899
245566677899
122333444556699
112334555669
1122233444555668999
112224445666789
1445566899
112224566677788
1145556677788999
114555788
12234555778899
12334445667888
11222335688999
113355567889
45688
111566688
1223444556789
23334556789
113334566777888999
22233444555667778899
133344555666899
11223447789
112223445557899
2233678889
23446688
133444556778889
122233344455566677788
122233456677899
1122233344455568899
11222335557888
1348
224445666788
2233355567778889
1112224555677888999
3334446677788
4456667788899
111345566777999
1123444566677788
11135557889
2344668
122466688
1222467889
222444667778899
2224777889
1335788999
1222567889
1222455566678
11122233455667778889
111445557889
124677788
22566788899
2355566777889
12457788999
233344566677889
114446667
1344455568999
35557789
122333444888
111222334555666788
13355667789
1244477
133455667778999
22233346899
113556667778899
122234555788899
111444666
112333445556788999
144557778899
1122233557
1445556677788
122233355566699
1145677888
13356668999
223334556667889
112344566677788999
2233444566677788999
222334445677
111222333444556688899
112236778899
123334446677899
11344455666778999
126788899
11223445677789
122267778
1222334555788999
23334445556677799
1144778899
22233344677788
1222445778889
1112244556667778
11122566778999
1112233444666899
12356689
11233344466888
111222336999
222344456677788
111234566777999
4577888999
222356888
12235577999
223355666778
22599
112444677899
1222333455667778
122335556788999
1122234456678889
112223444689
22244456667778899
13344466777889
112233666788899
122233455566799
2245556777999
11124555677899
22456667788999
111234445556677788
11123455678
11122445789
1112233344566777
1234455666889
22444557778899
11223334567789
22355566789
122356699
223666
2234456778899
22444588
2366688
22233345556777899
111223346668889
122233445556668899
134555689
1122455666789
124445678999
1112334556688899
1223455567889
123677788899
112233445667888
466777888
1122556799
133367788999
33444599
122234445678999
11122245888
1112223356677888
122333444566677899
1112223334478
111234555788999
222345556778999
222333445556788
1355666777888
11122233344456777999
111233355566679
33355566779
12223335569
1133444557799
1122344557999
11123344455677788999
1124445557778
3457888999
1112333455566678889
22268999
13334577889
2223334445668899
1233556667888999
357888
234555677788899
1113357779
133345567788
23455688999
112233444555667779
12233444777
1112244555669
112233447778889
1223356777899
2355566788899
11144555667899
124466788
122366678
12223444555777899
12333455567789
223444566777999
22344458889
11223445667788999
11223334555666778999
1224555666778
155577888
111222333444566689
1334568889
12235566688
12336667778
122233445556777999
1122334456889
12224566777888999
133344455677788899
233344555669
11223445556689
133344455566677888
112233344667799
111222333455666889
1112233355666
1114445667778
133446688999
23446778
11133377799
44555889
22233555666777888999
122345667779
222333556677788899
1112333444566678
123444666778899
12335577789
13444555666788999
11224566888999
11122244455677788899
112256667778889
113344455677899
1112345778
1666778889
22233446667888999
112223334445588
12334555677888
123334445556667888999
222555677788
1124556777889
11123335556667
22233344455666
122255566788
1124455666888
1224568889
112233345556777
11222344556777888
112344455789
11122244566788
11222333455666777899
112334445778889
11233355678999
111234445556688899
2223344568
1122234455666888999
2234678999
233458999
223777999
122344455566677799
11122344455667788999
111333444555778899
112244456667888
122333577899
133344455566888999
2233478999
12233377799
1188
1113345556788999
2334445556667779
112388999
1134446888999
22557899
234448999
112334445689
1333456678889
1112447888999
113355566677788
1122233345566889
11222444556677788899
112333577888
22234445699
1112224466788
112334477999
23577788
12225556679
11223444555788899
2223345677788
122344455788899
122334445558999
111344667778
445566688
12334555666777888999
22233455667799
13334455567
122233444567778889
12336668899
12234456668899
33357888
122233566677
2224788899
11122478999
1112223445557
2334445556677888999
3334456888
23344455667999
22444555666778889
1133344456669
333446678899
223445577788
233455566788899
22234445666778899
445777888
11344556788899
22334445566677788
111222334445556667778889
112344455788
22236667778
11133444555777888
111233466778899
2334455566888999
112233344455567779
1112224666777888
1112233344666899
112233678999
22233344455566999
334447889
1122233445556667
22333556777899
11245589
224457899
1122233345566688
1133555777888999
34567779
11222344567778899
34445557778
33455566677788899
11223344667779
1123334445556677789
2566789
22234466677788999
22233367799
2233344455666778
11133344555667888999
223334555667778899
111333455777889
123344555678899
111223456677788999
1123344568889
112234466688
12224677888
122233344455566689
1223345568999
2223334466688899
22233455566677
11134455778899
11122359
12344455899
223334446677788999
112334555666889
22234455788999
1112223344555889
3444557788
1222345556667778
22233555666899
12333446669
2333557788899
11122444555777999
111333667788999
133444555688899
245788999
1222466677788999
12256667888999
1345556677889
11133778889
22244567778999
1113334556689
233444555666
112224677789
11145559
111223444556677788999
111233345677899
233345677888
1222344555668999
112224466
1115557999
122233366678999
11222344455577789
11122244556789
122334455567788999
112444555689
122233445558
1112334446689
1122233344456669
123447899
23336677789
112333555778
11122333799
11223344555667888999
11233344556667999
111222344579
1112344666789
112333444566679
2255566688899
112555778899
3344556677889
1113355677799
111233477888
111333556689
222334455779
11123444555677888
11223334456677788899
1112224445556688999
1114445556788
1123355679
111233345777999
1122233355568999
11122255677788
112234445567778999
11133345577799
333445557
11122334557778
122234455677
1112233357788999
11333445667778899
22355789
1335778899
1112234566677788899
11222355666
111245667778999
2244467779
344458
112335566778889
2256777
2234555688999
12245566
246679
12255666778
12235557778999
122444678889
1114455778889
4455999
11335556677788899
111223335667889
666889
11122234667779
24667788899
11223345566677789
445557999
13345566677788999
1223334556688999
1344455566778999
1334556669
24456667799
11222335688999
11222344456677
12223344455668999
111233566777999
22234556777888999
122233355888999
1122233345556668899
1122233445569
113334599
1223445556778999
223334445678899
11122236678899
22233466678889
1225666788999
22334467999
122234555788999
1113334456677888999
11123556677888
11133444577789
13356667778899
112223388
11122333667888
112333578889
11222378899
1113566678899
111223345556678
1122455567799
13445556677999
112345677888999
11233344555888999
11334445789
1233367788999
1122233478
11122244557778899
11334445566677888999
11122466788
11244566777999
1112223335677889
111344455688
1133444777899
1122666788
1112223334456678999
1222334457889
112224456667788899
112224455566678899
11123445777899
46889
11123556788999
4669
23455588899
112223335678
111223444555666899
12234446789
11223344568889
13444566688899
11233345566899
24446677
22334455566788899
111224455777899
122334555688
1122334445666777889
14455566777888999
1446688899
1144566888999
12355566779
222344555699
446777899
11223334455667888
12223334456777
111225666777888
111245558999
33467778999
12334455666778889
112226777999
11123334566778
11133344557799
122333444555667999
2344669
2333444888999
112335557778889
1112333455667999
1122233355666777999
1112223344678
11233345557888
236668889
11235556788999
2333444666777
11223444667788999
12334566677
112244555699
223344566677788
1224445566778899
11122344466779
12244555667778889
122233666777
1122233444666888
11222333556668
11222333445566778899
24555667789
12224467779
1224457779
1113344555677788899
444666888999
1223455677899
111222345556689
222344556799
1134455566788999
11155678999
112224589
111336777888
1223356688899
111223334466788899
11122344556677889
12444666788899
111223556899
2233444555666778
133444577789
1244456888
23446667789
122345668889
122233346777888999
246667788899
111224445567788899
1122233556667789
223445578999
33467778999
1112223344688999
1112224445789
133446669
1222334566677999
122333455777
134477999
1112223346668899
1112333455667778889
111223344555777
11122233344477889
233444556677788
1133345888999
1122233379
111223344566677799
1112334455667
2244479
1134456689
1244577888999
1223345566788
11133444668999
2234455667889
24555688899
1112223444567788
1123334699
123444566677889
1112455577788
1244455566
3455677
111333444667888
1233444667778899
1123336668899
11333444788899
133455577
1112334455578
1122233344667778
122235577889
1112455777888999
12223346678899
111335666788999
22233444699
1122233345668
1122234456777888999
2223345688899
2555677788999
12244667778899
2245788
222333458999
111223334445556888999
112224455666999
111233445557899
1112223445556678889
1234455566677789
11123334445556999
1122333568899
11122244458899
2224666777899
3455666888
1255668
1355677888999
122344455566777888999
1233346667778
111222334445677799
1223334458
11333556778889
124555666788899
111222333445668899
1122333445558899
22333445678889
12234455567789
233444556677999
1122233445666778889
1244566777888999
11122334456699
22244566888999
33344477888
1244777889
1223355567788999
2223669
1122334666788
111335679
234667789
1112233344456888
22335556777888999
112223466888
22334456667778889
1112234457778
112223344456668899
122255588
55566888999
22333444555778889
113456669
222455667779
112233344455566777999
1222334478999
12335789
1112223334555666777999
1223335556789
11223334445577888
1134455677889
1112235677888999
111255677788
12235556677899
1122334566778899
222356799
12223335677788
224457788
113344557788
223334457778999
1334445667799
333466677889
111223335577888999
1123335569
1245778999
114556778899
222333556788899
2335566778999
24445557778899
111233344456778999
33446777999
122445566678999
1112334455666788
111477799
1122233444566677
133345556688999
112444677
22344557999
1122455568889
1134446677788
112223355567899
233346667999
144467789
111223456667889
11344455667
1133345556678889
11123334466678889
112333444555666999
33344455888999
112244456777888
2555667899
124445556788999
35668889
11122333445566677788
11122233344556889
11222333445688999
11455677799
12235566677788999
123334566677788
1335556688899
12224445556888
4446667889
12333555678899
11122333445556677788
34446777
11122334445566678
1112334447778
33347899
12233345556678
12244455567788999
22333455677789
12225666778889
1112233445678899
1222334455567899
11234578899
11122444577888999
114446688899
1224566678889
23455677788
1223555666889
11123455777889
12234556688899
22344567788999
111223468999
112223344566677899
133478889
346677
11224677888999
1114455566677789
1223334667788899
12224456667888999
11222556778899
244455566788899
111345556677799
1112334566688899
33445699
111223334555666778889
346688
2345566677799
23344455566899
14445558
1114446667999
112223445666778
11223335556777888999
133445556777899
22233778999
122344455778999
11222334456778
1122233344455669
222445557789
23444555666799
11125677788899
112334447899
223444557999
11223345566677899
1333444555666799
11344466789
133345556778999
235577789
111233344455566677789
13334469
233356888999
3334445568899
111223334556667788999
23335677899
112344456888999
1246788999
111222444888999
133444555667999
1222334445566677788899
1122233344556667788899
11122555677788
22235556667788
11122346679
12256677789
1112224446668999
112334477789
222333445788899
1225777888
2233345556688
123335556779
12233345778899
22344466677
16688
166677799
12256799
1133356677888
222355688999
11122557888999
112233445557799
12223336677889
111223346667788899
13344566999
1222344455666779
11333446679
33366888999
114456777899
22444555688999
22266788999
11123455667899
1222347788999
233556667888999
2223556789
446667899
122255566777888999
11256677889
12344455678
225567889
112333555667788899
2225577799
11133444556677999
333444688899
2223344456667
11122233345566677788899
111222344455566779
1112233444577789
23445557999
111222333444678889
34557788
112223345777999
12445566778899
122334557778999
122233344667788999
1244457899
111334445557999
1113334445577789
1112333445557788899
111223445567778999
2566678889
1333444668899
2225666777899
1345567779
124446789
11223566788899
222334456677788999
1122335566677799
1224456667799
2344455566678889
1122233346667778999
112334668899
13445556667888
122334447
1113334667778889
112256778889
11444555666779
1123344468899
33355678889
234488899
1133445668
22344455688
12223334445556667888
244555677
112244567778899
1123444555666777999
115578889
1223334446678
112556668
11122233444667888999
112223344456777999
11222445566677889
11122334556778999
4556667
1133344456667788899
333444677799
1334468899
114455588899
1122444555667778
22333456667899
222345577799
1112223455677788899
1123334445689
112223344556688
145567778889
11234446779
1114448
13334556667788999
34446668899
111234445666899
112226667
1123337788999
11133455667778999
12223334888999
113445566777999
1333444778889
2245899
11234556788999
1113344889
222335567899
33355567888
113555666778999
112233346688899
344467889
13355588899
11222334555677
11244566677788
33344557779
11133345557788999
112233577
1233346667788
112444555699
1224445678899
122244555667778899
1133344556678899
11133444556777888999
1122244468889
112233444667778899
2223446667778899
1122266688999
556667789
2333444556677789
15667788899
244456667888999
122336667
113366999
