2234566679
113667888999
112223355666778889
1144488899
111224445677788899
11122233366788999
112344455566777889
1122233444555688
1112223336667778899
111222333445566777889
12233444556667788999
1224445677788899
111222445566677999
111333588999
223346799
2237789
1124449
22333555666
1133455578999
12234466777
1113344667788
112245556889
112223344455667999
2344455666899
12233444567788999
355569
111344455566699
111222334455566777899
222334555667889
111234555777899
1122345556667899
122233344556688
13334446999
1122233444555777899
12223445557888999
111222334445556788
125566777899
11122333444566677789
334555667789
1123334445556669
112456788
2566677799
12223344555788
34556778
1124667778
12224477788899
111234445566678999
112344556777889
333555668889
11222344666777888
245566888
11222333445577788899
133344455666778899
133455668889
11122233566778899
1245577788999
1223334556668889
11233345557778
113334455778
11122244566788999
555666999
1122444555668899
111222333447778999
444577889
126677888
2333444555679
33666777899
11333446667778889
223444567888
2224556667999
11144467899
12223344455677999
24566678
1223445677799
1112588899
1344566677788
2233344457788999
1344466888999
1113334466679
22345558
1112233345556789
112233445556799
12345556678
1115668899
111233444667778899
1122446677
22334468889
1233344455577789
1112233455677889
1133345569
1224567799
11345677788
222334445556677888999
112245556688
112256677888999
2333566677888999
11222333557888
1112333444567799
11122344568
2455589
