1112224555667999
11255568999
13388
11223334455566777
1123444677
11224668889
111222334457899
1122334468999
111223455667788999
44456778
111333445688899
1112445577788899
2223445556667999
1222333445799
1223355
33345556777
123388899
1222335566778889
223334446778999
233344455577788899
1122233456677788999
11122345666
333566677899
1223466778
122334445699
11122345888999
1112244667778889
1112344577788999
1223445667889
333444555778889
111233345577899
1113456679
11122355689
1223344455566788
111234445667779
112223344455567799
4557999
112225566699
1112233556667889
22233344455566678899
44677788
2344455666999
2223334779
233355577888
1222355577888
122234458899
1112233344577788
2234446678899
12334455677999
111222336667788
11122335578
2234777
236778889
1112233566777888999
233445567788
122333444566678899
23345558889
11123345566778889
1112556777888999
1133356677799
11123334555
4455567778999
11334566678899
1114455578
22455568889
333444678889
113335556667799
123334445567888999
11122334446677888
13334455599
1145667899
11124456677888999
11134445558889
11223334445666777999
11123355567999
1122446888
12233467779
1112223344566677788
113445556778889
122234446677889
12234445556688899
1122334445556667889
111222336677999
222333445556667789
2223344566888999
11123344466888
11224445667789
1233455566688
1223444666789
1244567
222555667888999
1555668899
2223445999
134445556677899
122233344567899
11223455567779
111222355666799
1445567778
11222335777
1112244477888999
1134445557779
1112334588
112223556677889
2233344899
1122244666888
11122244455566679
111235667788
22345557889
3335788899
2224445566679
12244455566799
1112223344777889
34566788899
11122245666889
122233677799
11567778899
112233344577889
11122334445566799
1112224455677888999
1225677788899
122334677788
112223355588
111222334446668999
2234555666777
122244677788899
122234556667778
111223455566999
1113455567779
122234555666799
11123344566777888
11122336999
11235557889
113366677888999
12244558999
1222333589
111234456667788
11122333566679
13335566689
2223344466689
2244455568899
1122233345778
1122333445556667889
111222344556677799
222345556668
123344456668
111245566799
24556778899
1133556667778
12333445666779
33355666777889
12233446788999
22244557799
2334556667888
111223355566678889
1134445589
224555666777899
2223456678
2244666777889
2223366688899
11222336667788899
134555789
113344667779
112244577788999
1222356777889
111237788899
11334455566777899
1112555667779
477899
11124446677799
112226667778
1123466788999
22233555679
1112223445556678899
1123334577899
111224458
22233344456699
14566777999
1112344567778889
222333446777888
111345667778899
1112334466677789
44455678
1113334555666777888
111222335557
12223334567779
12245556788899
12444555677788899
1113444566899
1334556689
111224567779
22344567888999
11134455566677789
11255566777888999
12447778889
122333555667778889
1123455777889
122556789
11122333455666789
11223345567788899
2233344556779
1112223455566788
111223445567888999
44566999
222333455688999
23334456689
234555677888999
134467778
355566778
111556668999
2333455667888
2555999
12344455567779
2244455566677
113344555678
1112223346667778899
1166777889
112223344455666777889
1235677789
222344477889
1234455566778899
11222355667778889
2223556667789
112233444555777888
1112244678889
2233344677799
1122333557889
1233566777888999
1233355667799
11223344567
12345556889
1112223366689
22344455579
111233344466888999
233444667888999
11222334556667779
111223344556667779
2455666999
11122235778
1222366677788899
11223355566789
1112234556779
11222357
1122245556777999
11344466888
112223335557778
1222366679
113555667799
112233345556778999
111223555777889
111222667789
2224557778
1233344556667999
1112223334447778
11136799
134555777899
11133445566777888999
1133455666999
11124466688
11134455566677888
1223566899
1122245556999
12234445566778999
1112233444666888999
23334556678889
1334467779
112235556777999
122244778889
111333445667889
223346677889
1112235566778
11122244467788
23445567999
124445556779
12333888999
1112344455568899
112224446677788999
22556777889
11244456777
233344556667999
11133566677788999
113568889
11122777899
1334455888
12223355578899
146677789
1122233355667799
1123446
223444556677999
2233555668899
23455777888999
2355667778999
12456689
1133467789
133444666777889
112234447778
11134555666777889
1112235556899
12555667
1223356667799
112224788999
124455666888999
1225667778899
11223444557999
11122333444555677788
11233345556778
1112223355566
11134455667
111222333444558999
111244455578899
2334445678999
1122566999
1223335568999
111256777889
111244456
1113344455577788
245556
12245677999
111223455667788899
11222346688899
122345678899
1112223345566779
111244567788999
11122233444555666777999
11222333455667
1122334566688899
33455566777999
122233444555666778889
11223344555678899
11122233345677888999
223334556668
11222577799
33455567999
1112223335667
11122233456778889
11355567899
1122234445677889
1123445556688999
122245566888
1133344557779
1112334456667778889
1122333455667889
133444566678899
11223334477788999
22244455577788999
1246688899
12333477788
12224455888999
12333455567778899
12335566888
33344567778889
1145667
11223446667788899
1112234455667888999
11122234466799
11133444566677
1222356667778899
1112344455566777889
1233344455566788899
223455666789
11222345888
12223334455577999
222333667799
22235677889
1122344466677799
111222344899
1112223345556677788999
111344677
112224455666778
11122466699
2225556688899
22234555677889
123344555667888
13334445577889
12224445677889
111245556677889
1122355566679
11233444677788
1122445566677888999
2223336667889
234556677888999
122233345556677788899
1123344555666777899
3349
11122233357888999
1223334455566678899
1112223344456677889
33568999
1112223445556788899
111223344566778
22333455667778
113334455699
1112227888
22557899
133455599
22377999
122233355688999
2233344557779
1112233555669
23455888
22333444555688
1114556677888999
22346788
2224557788999
112223345678
12223444666788
1134446888
111334557888
2244556788999
133345556669
1223334455777889
1223334466788
11444555677788899
11222335556677899
1122233455667888
2444555667778889
22233344566677999
222336678889
155578
12233357999
1112444
11222445566899
1122234445566677899
13456668999
124666777999
111233444555666789
112223344555667788
223335577889
12334455567899
222455566688899
11122335577888999
1112333444577788
122333444577788899
23334466678999
13345777999
2244457779
111234445788999
112224445567888
11133446777888999
1134445588999
11455777999
112355566688
22333444556667779
11222333447799
1233555678
11144666788
11122233355778899
12235689
1122244568999
22349
1333446777889
2234556679
112344556667788
1113566677788
12226677788
222333445668
12334455578889
11133345556888999
2233455577
11222334455577999
112224788
11224555666778999
111223335899
136778889
11233344555667778899
111334445778899
11333445579
1246789
22556667788899
111222344456999
12225778889
111222333777999
111245667778899
13578889
11122333556999
13345777
22555678999
1134566677788899
133556667799
11233555778
112223444555777889
111344466677899
1122334556677899
1122334445677888999
1112345556777
11334445667899
1122234667899
1112223344566677788899
1112224556667779
122444578
3344555778899
11122234445567
112223334446668999
22566799
34445778889
1234667899
334445559
34445788899
111234569
23345566699
222334556677888
111333556777889
1112333445567899
114555666778899
1122234567899
13334456668999
22477899
11336777899
233444556777888999
46778889
13344557778
1112336668999
23445556688
11133355666
11334445567788999
11223356688899
112334455567799
1112224555667778999
1113334555667889
111233666777999
2233356677789
3334556677888
335667889
1122344466677999
14445556788999
1112233355666777888999
112224445557889
14577789
12233345557899
2333444569
11225666799
223344455566677788899
122345557788899
122245557779
1234555899
112444777899
11122233577
1166677
1123345566789
11123344467899
11222333456678
112333777889
11122344555666777
1233355667788999
12223456688999
122233666788
1112333444566799
1155566688
11233355788999
11223445666778899
123445667788899
112333445557778
112223334568
22234557779
133344455677788999
2466689
11333555667789
111255577889
1334445556667789
11122345556888
124466888999
2244457788899
12333566788899
133666788899
1113334556667778999
2233344455566788899
1222344556677888
2234445
2444778889
223556688899
1123347778999
12223337779
11122235556668889
112667899
22355678999
111222445899
2333455566677789
33445567888
22234455567779
112235566678899
111233444555666789
11222345777888999
3444555778999
23445567888
2233367888999
1244455577789
1112223345566777888
12223334677889
122233555667789
122235556677899
1112344668889
1222344456677788999
123335557899
1334445667789
222333577
23466999
13345566899
22234466677888
112223355778
111445667778899
3334557888999
1222334445566677888999
11223344456668899
116789
11148
1223558889
112255566677799
1113556669
13345567778
135566888999
113334445666778889
12233455688999
111222334555668
11122277788899
2234456689
13555677999
1233344777888999
122344455666778
112334455667779
1123344455566677788
111222344778999
112233458
1112234445557788999
11123334555666999
4445556667789
11222344566788
333444556777899
222333455667
1112333444788999
334456667899
1223344466789
112223346677799
12223477899
233344456668889
234448899
2355566677999
1122334467778889
1133344778999
122245666778889
22347778
111223344456678999
111222444677888
22234555667
2244666888
11122244455588899
1245556677889
111223688899
2223334555677
123344455677889
111777888999
12224456667779
2233345556788999
111333789
1155566677799
11234556667778889
2225666777888
444556779
1122333444557
15556678
11234446689
223355778889
11123344455777888999
334557799
122244477999
1133455566779
1222344466677888
1112223445558999
12223348
115557788899
1456889
113445666777888999
112235566678
11134446699
1223334455778
1113444666788899
1112224455667778889
223336
11122667999
13334446677788899
22233455566678889
1122235566677789
11123344666799
1244458899
122233345556888999
11133447888
122236667788
11122233355666778
11122233356667
12233445667778999
11233346778
44555667799
223355567789
111225788999
1122334556688999
11122344455566788899
11123344556678
11123355566677789
11124455566689
12333455677799
34567778889
12233445556789
112223344455566999
12224466688
22233344466677
111333444559
446667778889
122333444677899
1112445677788
133345
112333455567888999
1224477888
1122233359
123344556677899
1112255566677788
12223366778999
122233356677
13335577888999
12235777889
1113346677789
1123344456667788899
11122334467778999
114446889
111233344778999
22355666778999
112223466688
1333555667899
112245567778
11134455566799
112334555789
2335566677899
112456667799
1222446788999
11222344555667888999
22344556677788999
112335556667788999
111235577889
12225666788
1223334567778889
1124456889
2444555788899
112334569
11222344566689
1123444555666777899
13334566888999
11223346888
13335666888
111245566678899
11122234566888
1112233344455566777899
12224445556677888
111334555666999
22233355577799
12223334445678
222577899
1114456688899
11122266778
122234455667888
2244555777899
11344456699
13344459
22333455566778889
11123334455889
124456677899
1113345688
112233355578899
111222344555678
1222344456778
1233345566678899
344556667779
334445559
112234445556678999
124667799
122333444566
122236689
1356777888
2234456777888
122245566899
1112223566777888999
111222344555777888
12233455677
111344477789
1134667799
113456999
23344455567
12233445577788
22234445688
1122334466777889
234445556677788
1344455577888999
111233345556667778899
2223334577788899
13355888
13556777
1233345558
1134455666799
222334445678899
11222344556667778899
1334445556667789
1122333456688999
112233344555778
1113334446778999
4455667899
1244556788
111222346669
11122255567
113334445556699
122244478889
12334556999
1113334579
11133345679
2223668899
11133344556677889
111223334455566778899
122334556777888
11122333778999
1112445556777
144577788999
233345666778999
1122233345666888999
11123334457788
233456667778999
111234466677
333468999
11124466777
1244466778899
333455677799
233356667778889
12333667799
123334445577
11144455667
222344455788
1115888
1122288999
22244455678
111223334445667
133444677889
112233455699
11222345677999
244456799
224666777888
1255667799
11124455568999
22334455666778889
12223445556679
1122233455566788
1112223357778
223557788
11334445566677889
222356677
112333556667788999
122333445566789
1112223444556778889
111222566778899
113344555699
1123344556688999
1122337789
11134667778899
11133367789
1133356667778899
34456677888999
1112333446667778
112235567779
22233444566789
1123467778
1112333445556889
22333455777999
11122233357788899
1112266889
112223455777
122344566677788
12234567778889
2223356677788
34455668899
122234556
2223346688999
1112223344455566777889
237788
3334555667778999
1222334566688899
1122335567799
11335566
222334667778999
12233344455666777899
111223344456677788
22333444556667779
22259
22445566777888999
11222344667778999
1112233345567778889
1233456668899
111222333444556788
123466677789
23346668999
244556689
1122233355666789
112233445588999
1333445556667889
2224456778889
244666888
1115556678999
1122333445567789
1223334555666778899
12356667788
112477799
22233344666777999
345779
122444577799
1112233444556777999
111233344666899
11245556777999
111355667789
11223455566699
222334556667789
1112223355666777888999
112367788999
11122234447778899
11124449
133344555889
1113334446667778
113336677788
1112334467799
124666778
11133355577788899
1123334666889
134445566799
1145667779
1156677999
1112223344455799
12356667999
12333455778889
11122445556667899
22244455566777999
1113445566778999
3355677788899
1223379
123367788999
1223336
33346667999
11123555677899
1124555666777
111344666888999
12445556668999
3355566678889
12233344455667799
23555999
222445566677788899
1456778999
11223334456677999
1122233445557788899
111233344455589
44666778999
111222455677788999
11333444567888999
111224445567778889
1222355667778899
1123355566688999
1112223334445778999
1112377788
1255577888
222333477889
22333445566777888
1112223355666788999
11334445556677999
1222456777888
24455567799
1335577788999
122355777899
1144455777888999
113344557999
1113355677888
112334778999
112245677899
2244699
222445556667
11122344555666789
133444555666777
122233356688
122233355566688899
222334555677999
11233455577888
11134446667778889
11222333444555666889
223344466688899
111222445566799
111355566678889
1222333445556777889
111222445799
233455666778899
114445556888999
222445577788
15578999
12223377788899
12233445888
11222334778
123366677888
1122344567889
1123345568
11222456667789
