22233344455667788
22368
12224445566778999
22233455688999
133444555888
1123367778999
11223455666888
124445556668999
22233344568999
222344556777899
334467899
1122444556667
12233345566788999
22335557778899
22233446678899
111234456777899
12233348
12233666788
13334446777899
1112233344667779
1112233355577889
22333455666788999
11122666888
11123334455666999
112334467779
1144666899
11155566677788999
11222335556678999
113335556788999
123455567799
112223444566788999
11222455566677788999
111222334556668889
1112223559
111223457999
1113334445556777
11236788
1123334445566677
11122333444556778999
1222344558999
22355666779
11222557799
1112238999
1123455566689
11223455568899
111222333455566777889
234556788
1222345556667899
11233445556777899
11123344455567788999
12224556668889
1158889
346678
124455577788
11122245556888999
11133445557778889
22355566777888
12334558899
1114666899
1126
1112234445677999
334466778999
111234445557789
11222456688999
1112233344455577899
111223566677888
12335566777999
112577899
1222334445556667778899
344488899
123334455667999
11123344466678
1115566777889
112224467799
122233556677999
112234445559
34445677888999
2244467899
11334556777999
2333455577788
3445556699
122233345556679
3356667778899
11223335557888
1112223344456677789
1223446888999
1222345556779
22347778
111233444679
11122234445556777899
256667888
22233466678889
122244567799
13334445568899
2334466699
2244455577
1112226668
113455566777899
222335556667778889
11122233355566788
