1113455789
11123455577999
122333444778999
13344899
1122333455577899
2233348889
1123444555778999
133345556777899
224445779
1355667778889
111222334445558999
1334566788
1112244456788899
11233455566999
334667
112344466677799
113444777888999
12234556667788
11123336667778899
11445577788999
1112244566677788899
11122334445557778999
11222334778999
355566677889
115556777899
11135556677899
135677788
1112245566999
22335566999
1122247778
13344788
2445
23367778
23355566788999
1133344566677788
144566689
133445677888999
23334788999
111335566777999
112344468899
113334666778899
13445688
1133447788
2355667788999
11333444556788899
1113344457788899
12334445557789
223344555
5566778899
122244566888999
23344568889
1113455567888
122235677888
1233355778999
2334446667778999
13355666788999
3335566677999
11135556899
112445668999
1112334466779
11122245556999
112233444556788
1112223334667788
122234466677788899
1113347778
223467889
112233556677799
2245567899
1334455566777
22335566678889
112223334555667
12223344455567788999
112233357778999
33345566777888
12244555666777888
11133444566777
33455566799
11122236668999
11133366777889
11133456678
12223344488899
11234446688899
1223445588
2223446677788899
133444677788999
123344556777889
1133449
11355688899
222333489
112233344455567778889
4445556689
24455666778889
11134445789
11224556789
111222335556777999
122233477
223335566778
1122334566677789
2223455699
1333444566799
11222477888
111233344488
22333445556677888
23356677888
11333445578899
112345566678
11224566888
1122233344556667899
133344455566699
11123445778899
23344556667778999
11123334446777889
1223345577888999
111223455567789
122445566677889
223336888999
123334799
1222355577788999
1233344677788999
1113466688899
134455778
466778899
11234566777888999
1122333466778
112223444799
1133344556688999
1112223444667788899
22233444557779
1266799
1112334446999
112233466678
11122345559
337999
2223445567778899
133344455667788899
2226669
223589
11225666778999
1122233445777889
22233445689
1222445578
1133346688899
2446777889
222334566899
335566778889
1112223455677999
23344456667788999
3335666778
1122233344455566
112223444555669
1112225666788
111336777889
112223344455566788899
13445556677789
112224446888
1222444558899
13556677999
123334556889
1244459
2234555667778889
11122233557778899
44467888999
2223334445556777899
113344467788899
23355577799
333557799
112347778889
4455566677788999
123334555667779
11124667779
113445777888
122266788
22233344467789
223444555667778999
1113445566678899
4567888999
112224456778889
1112233366777888
113556779
2234555688899
233444666778
233556779
2223337999
222333444555778899
112233466678
3334455667778899
12223344466699
11334667778889
12234455699
111222333466677888
22344457799
111222344567778889
3567788899
2223355566779
112225666899
3677899
1233344455566679
111222334557888
112224555667788999
111344455578889
2223336777888999
1113334445556677799
112223335667778899
112233344455666999
12224555666888999
11334577999
111444678889
2246667889
11225677799
11145556777888999
2233345666888999
1134555677888
333444555678999
11133444556778999
2233556888
112223344566777999
11122333444556888999
115666889
223344455566778999
123366889
224455566888999
1112223334456999
11122233345677788899
1112223346677888999
3455689
1112234445666778899
1112244455566788899
1113346777888999
223334578899
11122334455578899
1233467
1122344467788899
22333444666999
11334466777
11223344456677888999
112224447788899
222558
122444567888999
1123344667778889
111244556667899
1112235556789
134466677888
111222456677789
13444777889
2233344556667788
222334455567778899
12334445566678889
111235667788899
122334445577788999
12233344455677788899
2224455788
11135556689
13555667779
112223477
11245567999
222444566799
12233477999
11222555667788
1122256677799
112223356667888
12225889
3555777888
11122233477789
55666779
33344578889
1112333444666777888999
11222666789
233355577788899
112223334445556777889
122444557788899
1222333566778999
2233568
2333444589
11133668999
1112223444555679
11122555666777
11122333567799
11122444555677788999
1124446678899
222333445788999
1123335567788899
133445777999
11134677888
1133445778899
1577799
11222444778889
111233357788899
1135556667788999
11122445557788999
1123346679
122334799
1113335557999
222559
12223334556667889
11222569
133344557889
33344456677888999
1222444677999
11123334567
1133355566777889
12233566889
114555689
12223455567888
1233555888
111334458889
222466778999
1233567779
1222333444556667778
134445666799
122233566678999
111233344556679
3566677788899
34456667899
1222334667888999
1112255666777888999
344467778999
23344469
1112444556888
11123444555666788
122667778999
1223334567888999
1133345556667788
13334466679
1134445558999
2456788999
1122233445566778899
13445566888999
1112223336678889
111233345667778
11122234567999
2233344555667788999
112246788
113335779
12233345566678889
122445666888999
111355588999
1123334445578
113334445556667778
1223444566677788
11234468999
13466677888999
112223344455678
144455666778889
124556667779
11222333444578899
222456688999
112233445667789
122245666
11224567778
1115556667999
335556667778889
55567999
12333445557889
22255568999
12233466688899
11122244555667999
122234445566677799
112234455566778
123345556778
123344455666778889
113345566677789
1112234447788899
111444556668
2333444555667999
11233344488899
11233344455568
12223355566689
1122233555666778889
111447778899
1222335666777999
223334456789
11122233344455666779
1122233345677888999
1113344466677788
1122245567778889
444788999
13335788999
1112335577788
1223344555669
1122334566688
1222334557778
1123335556668
1223455
2234556667778899
33445557789
2445568889
11233456668899
122334567999
11122245556888999
111233446777999
113334445567788999
1113444557778889
1112223334555678999
112233344599
11222344667789
12223355677888999
14556667889
1122334667779
1244456777899
133444567799
1133455677799
1223366688899
1123334445567789
1112223344466
133355667999
22233345566788
112344455567799
2444555777888
1233344456667788
112223444667778899
1234555667799
1122333445778899
1112355566677888
111222334445557899
3334445567888
1134445556667778889
112345577999
222333447788
22233444555779
111233577899
1112225578889
1122234477789
2333445556688
1112333444557888999
111223456777999
3334566777899
112444566677888
33455577999
112345667788999
113344456688
22233445678999
223347999
233444555677788
12234445566677788899
145668899
11222334566778889
223446677889
2223579
12334446688999
11134445568899
11347888
111234555889
1223345556677789
233446777899
1124445666777899
12223444556667778999
11122333444666
111225677789
111222333446668889
3344455778889
122233677788899
113335677789
2344566677788999
122333455577788899
11122245556778
111234556677789
11222444568
112223444567899
111233367889
1245667788999
1333466777
11222457999
2244555666789
12224446677789
2223555688
11123334445556667788999
11122244555778889
35667778899
1112234445556677799
23345556677
2235566689
11122233344556667778
33355666888999
11122234566888999
112233344469
113344456999
1123578889
13334556668889
223334445568889
122444557778899
125566
445667788999
12446778999
11233345566679
233445668889
22234445556677999
122344455567778
22233557778999
2223445556667778999
11122234456677789
2233444556777889
133556669
11123334577
333444666777888999
11666779
11122444568889
345556667899
1444555788999
4456677889
11134446667779
144455566677899
334445556777999
22233555677799
1112224567899
13344457778
3455666777899
22233344456668
1113555666777889
11122334666777999
113334445556667888999
112333455666788
111223344555667778889
11223335667789
344666777899
1112444556667778999
1133459
12333677788
1122233566699
234445556778889
1234555778999
1222333566788899
1112334555778999
12234455577788
122333466677899
134445567
1222334667889
4455566677888
11122333455777899
111222366788999
1333456667
122444556677788
123344466699
11224455568
111222333445566678899
1122233345556688899
112223445557778999
112234445567899
112233355678899
111222356667779
222335777
2244799
1113445667788899
1122334455566688899
1112455667999
11123335566699
11144456678899
1134478999
2455566788
12246888999
111255566778899
1114556788899
222567778999
13334556777
22233555678999
124556667788899
1134455667789
122344577788899
112224455567778889
2223334455677788999
1112223334456667899
13334556668999
1122456677888
222445556678
111245556669
112234445577888999
4477899
23334445556788899
22456677899
112223334447778
111222334455666788
1113334447899
333444556668889
11123334556778999
11157779
112344455579
112256667778
1114555677889
1134557999
1122478899
2344567799
1222333556677
122344566688999
111233555669
22333446678889
122333555677788899
1112345666
133444555667788
11223336688999
112223346679
1123566678889
111355578
12333455567788999
111222334445567
111222444567888
111234445556677789
11124466677788999
1112223456889
11334455566788899
144455677899
1133344455667788899
1122334555667778889
1112223334446677999
112344
33666889
13444555677888999
1122336677889
111225688999
22235558889
1222334556779
11222667888
11122233344556678889
11122334445688999
244466788899
113555667788899
22335588
122344479
12356677889
2344466677888
112334555666778999
1122235899
122233555778899
12223344455666778
1122333555677789
11122344555666778899
112234456789
1122233556668
12333445566788999
22445556677888999
11133444577
112223444555677889
1112333556667789
1122233445566677899
1112223455567778899
122444668899
11222333455566777899
22334445577899
111234456667
123466677888999
1112233445558
1233455577788999
112233344888
1113477888
11134445567888999
122233445668
122344456668889
114555777888999
11133444555778999
112224445
122456677799
1113345666999
1125667899
111223344677888
1113334445566679
1112335999
1112223344557778889
123445566777888999
2224445669
1112233345788999
3334447799
1222334455666799
11223344455667789
2233445566
22333558889
1237799
346888999
111344778899
112444555
1344455566679
12334688899
333446678999
22234556667
22233456678
1222333469
2223368
2223556688899
2223345667788
1112445668889
113335556678
112233344555667889
1112234456699
1112223336778999
12245677788999
222457789
1133368889
133457899
1233355566677999
12335567789
2223344555677788999
112233469
1222333577899
11222557999
1122236678889
1112244555667778999
2223344588899
222555667778899
11444566778889
12333555666
11333445577888
1122233355566778899
2223335666777888999
122233444778889
133345667799
1112223334455667789
111233344577788899
1233468889
11333467788999
1333455667
12347888999
2345677888
11122233344466777888999
11122233344778889
112223344667888999
1123334456777
334455566677
233444566677888999
2223334446899
12233344455566678
11122244567888999
11257788999
1123566688
1112233345667788999
123337779
1334566677
112334567778999
1233666
13455666778
12355677799
12223334555777889
111344677888999
111233344455688999
11122333467789
44455566789
1223334445557778
112555688899
3334455667778
348
114455577789
12344567888999
11226788
11125556677888
11122244555667789
1222345556667788
1122269
11122444666899
2224556677888999
12223335566777999
22235577899
1113334447899
11225558999
122233444777999
122334445688999
2224445566999
111333444556777889
11223334555666788999
22233344678
123344455
122233556799
1123344777
11134455799
3334459
222333555667999
111222446678899
12244455569
11222333445566779
13334457779
34566677899
1122334445888999
222334555666888999
133344455599
13467899
123444555669
3566689
122233345677799
11133444556888
1112223444555689
1112236677788
133566899
3344456688899
124455666778
112566777
133344456667
123467778889
1112233556667888
112224555666888999
11223334556667778899
1144455566678899
222366678899
1122446899
12233457888999
111222334456667888999
11122333455577788999
122333455899
1113355668899
2223334466677
223444557778899
112344688
11122233455777889
12255677788999
3344457999
2224778
111222335566677788899
111233799
11122678
11223344566677888999
112445667889
1222444677788
1122344455566778
244577999
1335788
111444577889
223334445566788999
111223555677888999
2333444677899
1123345566678889
1113444578899
223356667999
2233455666777888999
22234445557778899
1224566678889
1223457
111223445566678999
111233556678889
1122344678
1112223345556667899
4445666777888999
1122344466777888
33344456677888
11123334445566677788899
112223456999
112333444667
1123334445666777888
122334455566678999
1122233445566688
11235566999
3444555777889
1222335577888999
1145556678889
11556678
1122455677
1112234555666777888
1112244468999
1112223334555666778999
122345556677889
1112223334
1455566777888
3334555666778999
11124458
1222344456777889
111223445677788999
1133445556667799
11134667778899
222367779
3345777899
22233466777888
13444568
12335799
111222334446999
111222355566678999
123457788899
222344466677889
13445556667
122233344555
1112333444566777999
111233445788999
1133347788999
112223334466677788
1223334555677899
2344566677788899
11234556777
1144458889
1222334555666889
23345556777888999
11123445677788999
1123345577889
2334566779
133344668889
1123355577
223334455667
223334445666788
122334477888999
11235566899
12566788999
1113335577
111223458889
113444555777888999
22355566789
22333556677799
22355577899
122344466677888999
1112256667
1112223334888
1112236777888
2333444667
111222355666777888
3444799
1112223334456677789
11122456699
222347779
223344556678
12235667778999
11123355677888999
36677888
12224445677788899
11222346677799
1124445777999
112344477788999
2223444577888999
222333666789
1135569
23345688
1114445677888
12446667999
1222457999
333455666888
1112336667788899
44677789
112234557889
12334456677788
334457779
12255566789
255567778999
12344455667778
22233445578999
123899
1112334445566678889
11222344456778899
1222344556678889
11122234667788999
1222344455567778
123344488
113346677888
12223355566777899
11123344457778889
133556789
4566677888999
11134577888999
22233344577788
12223335666778999
11335557778
22333458899
1112455566778899
11122236677789
12568999
1112223334556678899
258899
233356677999
1233446777899
12223344455777888999
12237899
1112244566677788899
11223334566689
2244455777999
112233355566677
111444555777899
112223355567889
1233455667778
1122233344466678899
112333444566677888999
12233388999
11223444556677788
1223357888999
244456677789
1233344556
1134445666789
11122334446899
11122333466778999
2335556789
1222445566777888999
11133356667779
355788
111235688999
11122234445566788
112224567778999
23445566678889
333455566777899
1122244566777
1113344566678
334555788
124566677888
1144467799
112233666889
223335568999
1113344466678
12233355566677899
123334445556778889
1444556
11344455688
11222667799
1223445799
122334456677889
1112244456677
1223456677899
234666888999
11122233555666777889
11122244667888
1445666777889
11333445566
111233667778889
1222335577888
3556788
