1112244555777
11122233344779
1122334445567778889
111223344456699
1112233444677788
2333466788899
122234447889
2334556667888
1112355567
111444558899
122666888
112223444566679
111344555668999
3478999
11345556778
1112345556788999
24455688
11122235566
122455588
11333444557888
222333444567888999
11233668
122266688999
111222445566677799
13477889
1112233366788
223455577999
1112244555689
1123457778899
2235556678889
1222344799
11334448889
11223569
11122334677889
13444677788999
1223334455678889
12336669
4555777
1222444668899
1112233345556889
33444557779
11122237778899
1122234667789
12223334466677799
3335778899
122233388899
1112233456688999
1113446668889
11134678889
122244457778999
1112344466888
1112355799
133677888
226677788
1112223346669
11122233555778999
11224567788
14445778889
11123335558999
33444555666777999
12223444688899
1112224447899
11233455567778899
112445567788899
111223335566788
1123377788999
111222567788
1112233346677899
1122255568
133444555666788
1112336999
23334558889
112223344555688899
133355577889
2335688
112223344566889
234455667
112444555788
11123334445566999
11124455666777899
111334445556888999
133344566688
1333444666788
111234455569
1113455566788899
1112224556667778
12223334456788999
11122334555666777888999
1234446667779
1112233457789
112223355667889
